Using pre-set license
Built from '2020.3/staging' branch; Version is '2020.3.10f1 (297d780c91bc) revision 2719096'; Using compiler version '192528614'; Build Type 'Release'
OS: 'Windows 10 Education; OS build 19042.1165; Version 2009; 64bit' Language: 'en' Physical Memory: 32173 MB
BatchMode: 1, IsHumanControllingUs: 0, StartBugReporterOnCrash: 0, Is64bit: 1, IsPro: 0

 COMMAND LINE ARGUMENTS:
C:\Program Files\Unity\Hub\Editor\2020.3.10f1\Editor\Unity.exe
-adb2
-batchMode
-noUpm
-name
AssetImportWorker0
-projectPath
C:/Users/Anargo/Documents/Millenaire_Prototype/Millenaire_Prototype
-logFile
Logs/AssetImportWorker0.log
-srvPort
52812
Successfully changed project path to: C:/Users/Anargo/Documents/Millenaire_Prototype/Millenaire_Prototype
C:/Users/Anargo/Documents/Millenaire_Prototype/Millenaire_Prototype
Using Asset Import Pipeline V2.
Refreshing native plugins compatible for Editor in 108.15 ms, found 2 plugins.
Preloading 0 native plugins for Editor in 0.00 ms.
Initialize engine version: 2020.3.10f1 (297d780c91bc)
[Subsystems] Discovering subsystems at path C:/Program Files/Unity/Hub/Editor/2020.3.10f1/Editor/Data/Resources/UnitySubsystems
[Subsystems] Discovering subsystems at path C:/Users/Anargo/Documents/Millenaire_Prototype/Millenaire_Prototype/Assets
GfxDevice: creating device client; threaded=0
Direct3D:
    Version:  Direct3D 11.0 [level 11.1]
    Renderer: NVIDIA GeForce RTX 2060 (ID=0x1f15)
    Vendor:   
    VRAM:     5980 MB
    Driver:   30.0.14.7141
Initialize mono
Mono path[0] = 'C:/Program Files/Unity/Hub/Editor/2020.3.10f1/Editor/Data/Managed'
Mono path[1] = 'C:/Program Files/Unity/Hub/Editor/2020.3.10f1/Editor/Data/MonoBleedingEdge/lib/mono/unityjit'
Mono config path = 'C:/Program Files/Unity/Hub/Editor/2020.3.10f1/Editor/Data/MonoBleedingEdge/etc'
Using monoOptions --debugger-agent=transport=dt_socket,embedding=1,server=y,suspend=n,address=127.0.0.1:56460
Begin MonoManager ReloadAssembly
Registering precompiled unity dll's ...
Register platform support module: C:/Program Files/Unity/Hub/Editor/2020.3.10f1/Editor/Data/PlaybackEngines/WebGLSupport/UnityEditor.WebGL.Extensions.dll
Register platform support module: C:/Program Files/Unity/Hub/Editor/2020.3.10f1/Editor/Data/PlaybackEngines/WindowsStandaloneSupport/UnityEditor.WindowsStandalone.Extensions.dll
Registered in 0.002533 seconds.
Native extension for WindowsStandalone target not found
Native extension for WebGL target not found
Refreshing native plugins compatible for Editor in 108.79 ms, found 2 plugins.
Preloading 0 native plugins for Editor in 0.00 ms.
Mono: successfully reloaded assembly
- Completed reload, in  1.233 seconds
Platform modules already initialized, skipping
Registering precompiled user dll's ...
Registered in 0.006476 seconds.
Begin MonoManager ReloadAssembly
Native extension for WindowsStandalone target not found
Native extension for WebGL target not found
Refreshing native plugins compatible for Editor in 1.46 ms, found 2 plugins.
Preloading 0 native plugins for Editor in 0.00 ms.
Mono: successfully reloaded assembly
- Completed reload, in  2.121 seconds
Platform modules already initialized, skipping
========================================================================
Worker process is ready to serve import requests
Launched and connected shader compiler UnityShaderCompiler.exe after 0.05 seconds
Refreshing native plugins compatible for Editor in 1.20 ms, found 2 plugins.
Preloading 0 native plugins for Editor in 0.00 ms.
Unloading 3442 Unused Serialized files (Serialized files now loaded: 0)
System memory in use before: 186.5 MB.
System memory in use after: 186.4 MB.

Unloading 30 unused Assets to reduce memory usage. Loaded Objects now: 4159.
Total: 3.642100 ms (FindLiveObjects: 0.489700 ms CreateObjectMapping: 0.175100 ms MarkObjects: 2.739700 ms  DeleteObjects: 0.235900 ms)

========================================================================
Received Import Request.
  path: Assets/polyperfect/Low Poly Ultimate Pack/T/- Meshes_T/Props_T/bench-old.fbx
  artifactKey: Guid(9c72aa2e8d0694d55a2295be9e93e3f9) Importer(815301076,1909f56bfc062723c751e8b465ee728b)
Start importing Assets/polyperfect/Low Poly Ultimate Pack/T/- Meshes_T/Props_T/bench-old.fbx using Guid(9c72aa2e8d0694d55a2295be9e93e3f9) Importer(815301076,1909f56bfc062723c751e8b465ee728b)  -> (artifact id: 'f819471b304a01a205f61e3caaa515f5') in 0.146216 seconds
  Import took 0.152097 seconds .

========================================================================
Received Import Request.
  Time since last request: 0.000315 seconds.
  path: Assets/polyperfect/Low Poly Ultimate Pack/M/- Meshes_M/Props_M/bench-old.fbx
  artifactKey: Guid(719dd107c68124a8299a06a5172fac49) Importer(815301076,1909f56bfc062723c751e8b465ee728b)
Start importing Assets/polyperfect/Low Poly Ultimate Pack/M/- Meshes_M/Props_M/bench-old.fbx using Guid(719dd107c68124a8299a06a5172fac49) Importer(815301076,1909f56bfc062723c751e8b465ee728b)  -> (artifact id: 'e5927dd454fb8276deed694900446978') in 0.027156 seconds
  Import took 0.032758 seconds .

========================================================================
Received Import Request.
  Time since last request: 0.000504 seconds.
  path: Assets/polyperfect/Low Poly Ultimate Pack/M/- Prefabs_M/Props_M/City_M/bench-old.prefab
  artifactKey: Guid(12881eca0b9e04a2f893882ef363d69d) Importer(815301076,1909f56bfc062723c751e8b465ee728b)
Start importing Assets/polyperfect/Low Poly Ultimate Pack/M/- Prefabs_M/Props_M/City_M/bench-old.prefab using Guid(12881eca0b9e04a2f893882ef363d69d) Importer(815301076,1909f56bfc062723c751e8b465ee728b)  -> (artifact id: '7e9fb3cb1dca92ff48e3e3884722a303') in 0.016504 seconds
  Import took 0.022483 seconds .

========================================================================
Received Import Request.
  Time since last request: 0.000474 seconds.
  path: Assets/polyperfect/Low Poly Ultimate Pack/T/- Prefabs_T/Fantasy_T/bench-wood.prefab
  artifactKey: Guid(8b35d176b81924be8b0a12fd6216a6e1) Importer(815301076,1909f56bfc062723c751e8b465ee728b)
Start importing Assets/polyperfect/Low Poly Ultimate Pack/T/- Prefabs_T/Fantasy_T/bench-wood.prefab using Guid(8b35d176b81924be8b0a12fd6216a6e1) Importer(815301076,1909f56bfc062723c751e8b465ee728b)  -> (artifact id: '8a9ca68ad4f5bef13fc847bc7dfa75cb') in 0.049598 seconds
  Import took 0.055423 seconds .

========================================================================
Received Import Request.
  Time since last request: 0.000774 seconds.
  path: Assets/polyperfect/Low Poly Ultimate Pack/M/- Meshes_M/Fantasy_M/bench-wood.fbx
  artifactKey: Guid(c7734ba7b95314ba4a114a3a24de1d48) Importer(815301076,1909f56bfc062723c751e8b465ee728b)
Start importing Assets/polyperfect/Low Poly Ultimate Pack/M/- Meshes_M/Fantasy_M/bench-wood.fbx using Guid(c7734ba7b95314ba4a114a3a24de1d48) Importer(815301076,1909f56bfc062723c751e8b465ee728b)  -> (artifact id: '6709b7d5055ada559f4eb0370850f4cb') in 0.032273 seconds
  Import took 0.039003 seconds .

========================================================================
Received Import Request.
  Time since last request: 0.000671 seconds.
  path: Assets/polyperfect/Low Poly Ultimate Pack/T/- Meshes_T/Fantasy_T/bench-wood.fbx
  artifactKey: Guid(8310b3857d6ca48d1be1f3cdf7ba1455) Importer(815301076,1909f56bfc062723c751e8b465ee728b)
Start importing Assets/polyperfect/Low Poly Ultimate Pack/T/- Meshes_T/Fantasy_T/bench-wood.fbx using Guid(8310b3857d6ca48d1be1f3cdf7ba1455) Importer(815301076,1909f56bfc062723c751e8b465ee728b)  -> (artifact id: '047bc2b21d86e8ec64992d53b381b5df') in 0.018305 seconds
  Import took 0.024559 seconds .

========================================================================
Received Import Request.
  Time since last request: 200.042757 seconds.
  path: Assets/Game/house-medieval_small.prefab
  artifactKey: Guid(bd362b56847944c4cbdefdee6a282a25) Importer(815301076,1909f56bfc062723c751e8b465ee728b)
Start importing Assets/Game/house-medieval_small.prefab using Guid(bd362b56847944c4cbdefdee6a282a25) Importer(815301076,1909f56bfc062723c751e8b465ee728b)  -> (artifact id: '18f4cd95d37dca24d2ba22b062b72a6e') in 0.026063 seconds
  Import took 0.032266 seconds .

========================================================================
Received Prepare
Registering precompiled user dll's ...
Registered in 0.005920 seconds.
Begin MonoManager ReloadAssembly
Native extension for WindowsStandalone target not found
Native extension for WebGL target not found
Refreshing native plugins compatible for Editor in 1.24 ms, found 2 plugins.
Preloading 0 native plugins for Editor in 0.00 ms.
Mono: successfully reloaded assembly
- Completed reload, in  1.561 seconds
Platform modules already initialized, skipping
Refreshing native plugins compatible for Editor in 1.25 ms, found 2 plugins.
Preloading 0 native plugins for Editor in 0.00 ms.
Unloading 3221 Unused Serialized files (Serialized files now loaded: 0)
System memory in use before: 236.0 MB.
System memory in use after: 236.0 MB.

Unloading 44 unused Assets to reduce memory usage. Loaded Objects now: 4154.
Total: 4.143000 ms (FindLiveObjects: 0.417300 ms CreateObjectMapping: 0.207200 ms MarkObjects: 3.179400 ms  DeleteObjects: 0.337100 ms)

========================================================================
Received Prepare
Registering precompiled user dll's ...
Registered in 0.006228 seconds.
Begin MonoManager ReloadAssembly
Native extension for WindowsStandalone target not found
Native extension for WebGL target not found
Refreshing native plugins compatible for Editor in 1.43 ms, found 2 plugins.
Preloading 0 native plugins for Editor in 0.00 ms.
Mono: successfully reloaded assembly
- Completed reload, in  1.586 seconds
Platform modules already initialized, skipping
Refreshing native plugins compatible for Editor in 1.21 ms, found 2 plugins.
Preloading 0 native plugins for Editor in 0.00 ms.
Unloading 3222 Unused Serialized files (Serialized files now loaded: 0)
System memory in use before: 236.7 MB.
System memory in use after: 236.8 MB.

Unloading 26 unused Assets to reduce memory usage. Loaded Objects now: 4157.
Total: 3.467000 ms (FindLiveObjects: 0.499300 ms CreateObjectMapping: 0.174600 ms MarkObjects: 2.553900 ms  DeleteObjects: 0.237600 ms)

========================================================================
Received Import Request.
  Time since last request: 221.785497 seconds.
  path: Assets/House.cs
  artifactKey: Guid(892b94ebafe357d4494be2bd669e36f0) Importer(815301076,1909f56bfc062723c751e8b465ee728b)
Start importing Assets/House.cs using Guid(892b94ebafe357d4494be2bd669e36f0) Importer(815301076,1909f56bfc062723c751e8b465ee728b)  -> (artifact id: '5cb63177cb3f8b418db640db4ebe4db7') in 0.019080 seconds
  Import took 0.031404 seconds .

========================================================================
Received Import Request.
  Time since last request: 0.000970 seconds.
  path: Assets/House.cs
  artifactKey: Guid(892b94ebafe357d4494be2bd669e36f0) Importer(815301076,1909f56bfc062723c751e8b465ee728b)
Start importing Assets/House.cs using Guid(892b94ebafe357d4494be2bd669e36f0) Importer(815301076,1909f56bfc062723c751e8b465ee728b)  -> (artifact id: '5cb63177cb3f8b418db640db4ebe4db7') in 0.003750 seconds
  Import took 0.009331 seconds .

========================================================================
Received Prepare
Registering precompiled user dll's ...
Registered in 0.006662 seconds.
Begin MonoManager ReloadAssembly
Native extension for WindowsStandalone target not found
Native extension for WebGL target not found
Refreshing native plugins compatible for Editor in 1.25 ms, found 2 plugins.
Preloading 0 native plugins for Editor in 0.00 ms.
Mono: successfully reloaded assembly
- Completed reload, in  1.590 seconds
Platform modules already initialized, skipping
Refreshing native plugins compatible for Editor in 1.21 ms, found 2 plugins.
Preloading 0 native plugins for Editor in 0.00 ms.
Unloading 3221 Unused Serialized files (Serialized files now loaded: 0)
System memory in use before: 236.7 MB.
System memory in use after: 236.8 MB.

Unloading 27 unused Assets to reduce memory usage. Loaded Objects now: 4159.
Total: 3.619500 ms (FindLiveObjects: 0.383000 ms CreateObjectMapping: 0.156000 ms MarkObjects: 2.832200 ms  DeleteObjects: 0.247000 ms)

========================================================================
Received Prepare
Registering precompiled user dll's ...
Registered in 0.006098 seconds.
Begin MonoManager ReloadAssembly
Native extension for WindowsStandalone target not found
Native extension for WebGL target not found
Refreshing native plugins compatible for Editor in 1.29 ms, found 2 plugins.
Preloading 0 native plugins for Editor in 0.00 ms.
Mono: successfully reloaded assembly
- Completed reload, in  1.586 seconds
Platform modules already initialized, skipping
Refreshing native plugins compatible for Editor in 1.21 ms, found 2 plugins.
Preloading 0 native plugins for Editor in 0.00 ms.
Unloading 3222 Unused Serialized files (Serialized files now loaded: 0)
System memory in use before: 236.8 MB.
System memory in use after: 236.8 MB.

Unloading 26 unused Assets to reduce memory usage. Loaded Objects now: 4163.
Total: 3.632200 ms (FindLiveObjects: 0.380200 ms CreateObjectMapping: 0.093900 ms MarkObjects: 2.897900 ms  DeleteObjects: 0.259000 ms)

========================================================================
Received Import Request.
  Time since last request: 91.383217 seconds.
  path: Assets/ChestInventory.cs
  artifactKey: Guid(e0be7a937c06c444aab2be789f35b5d0) Importer(815301076,1909f56bfc062723c751e8b465ee728b)
Start importing Assets/ChestInventory.cs using Guid(e0be7a937c06c444aab2be789f35b5d0) Importer(815301076,1909f56bfc062723c751e8b465ee728b)  -> (artifact id: 'd8f9ec283c954df8d46b8d4c08258c2a') in 0.013485 seconds
  Import took 0.025479 seconds .

========================================================================
Received Import Request.
  Time since last request: 0.001591 seconds.
  path: Assets/ChestInventory.cs
  artifactKey: Guid(e0be7a937c06c444aab2be789f35b5d0) Importer(815301076,1909f56bfc062723c751e8b465ee728b)
Start importing Assets/ChestInventory.cs using Guid(e0be7a937c06c444aab2be789f35b5d0) Importer(815301076,1909f56bfc062723c751e8b465ee728b)  -> (artifact id: 'd8f9ec283c954df8d46b8d4c08258c2a') in 0.004060 seconds
  Import took 0.009713 seconds .

========================================================================
Received Import Request.
  Time since last request: 34.274974 seconds.
  path: Assets/ParadoxNotion/NodeCanvas Resources/Example Scenes/Scenes/FSM Scenes/Yet Another Rotating Cube.unity
  artifactKey: Guid(ab66e0cffe936d842bcea24cfb43658e) Importer(815301076,1909f56bfc062723c751e8b465ee728b)
Start importing Assets/ParadoxNotion/NodeCanvas Resources/Example Scenes/Scenes/FSM Scenes/Yet Another Rotating Cube.unity using Guid(ab66e0cffe936d842bcea24cfb43658e) Importer(815301076,1909f56bfc062723c751e8b465ee728b)  -> (artifact id: 'ec81d48df12d1cd13f5e0a163b357d84') in 0.097554 seconds
  Import took 0.103757 seconds .

========================================================================
Received Import Request.
  Time since last request: 0.717186 seconds.
  path: Assets/ParadoxNotion/NodeCanvas Resources/Example Scenes/Scenes/FSM Scenes/Character Point & Click Control
  artifactKey: Guid(c0552d17d169a3142888cf51146a092b) Importer(815301076,1909f56bfc062723c751e8b465ee728b)
Start importing Assets/ParadoxNotion/NodeCanvas Resources/Example Scenes/Scenes/FSM Scenes/Character Point & Click Control using Guid(c0552d17d169a3142888cf51146a092b) Importer(815301076,1909f56bfc062723c751e8b465ee728b)  -> (artifact id: '990f08ab67d2df971c1098df46714b41') in 0.008407 seconds
  Import took 0.015131 seconds .

========================================================================
Received Import Request.
  Time since last request: 0.005328 seconds.
  path: Assets/ParadoxNotion/NodeCanvas Resources/Example Scenes/Scenes/FSM Scenes/Character Point & Click Control
  artifactKey: Guid(c0552d17d169a3142888cf51146a092b) Importer(815301076,1909f56bfc062723c751e8b465ee728b)
Start importing Assets/ParadoxNotion/NodeCanvas Resources/Example Scenes/Scenes/FSM Scenes/Character Point & Click Control using Guid(c0552d17d169a3142888cf51146a092b) Importer(815301076,1909f56bfc062723c751e8b465ee728b)  -> (artifact id: '990f08ab67d2df971c1098df46714b41') in 0.003993 seconds
  Import took 0.009725 seconds .

========================================================================
Received Import Request.
  Time since last request: 29.962298 seconds.
  path: Assets/Scenes/Sandbox.unity
  artifactKey: Guid(9fc0d4010bbf28b4594072e72b8655ab) Importer(815301076,1909f56bfc062723c751e8b465ee728b)
Start importing Assets/Scenes/Sandbox.unity using Guid(9fc0d4010bbf28b4594072e72b8655ab) Importer(815301076,1909f56bfc062723c751e8b465ee728b)  -> (artifact id: '18a808552511a16675bfceea19970333') in 0.009028 seconds
  Import took 0.015089 seconds .

========================================================================
Received Prepare
Registering precompiled user dll's ...
Registered in 0.006847 seconds.
Begin MonoManager ReloadAssembly
Native extension for WindowsStandalone target not found
Native extension for WebGL target not found
Refreshing native plugins compatible for Editor in 1.87 ms, found 2 plugins.
Preloading 0 native plugins for Editor in 0.00 ms.
Mono: successfully reloaded assembly
- Completed reload, in  1.661 seconds
Platform modules already initialized, skipping
Refreshing native plugins compatible for Editor in 1.29 ms, found 2 plugins.
Preloading 0 native plugins for Editor in 0.00 ms.
Unloading 3222 Unused Serialized files (Serialized files now loaded: 0)
System memory in use before: 236.8 MB.
System memory in use after: 236.8 MB.

Unloading 26 unused Assets to reduce memory usage. Loaded Objects now: 4166.
Total: 3.863700 ms (FindLiveObjects: 0.441000 ms CreateObjectMapping: 0.160700 ms MarkObjects: 3.006600 ms  DeleteObjects: 0.254200 ms)

========================================================================
Received Prepare
Registering precompiled user dll's ...
Registered in 0.007017 seconds.
Begin MonoManager ReloadAssembly
Native extension for WindowsStandalone target not found
Native extension for WebGL target not found
Refreshing native plugins compatible for Editor in 1.22 ms, found 2 plugins.
Preloading 0 native plugins for Editor in 0.00 ms.
Mono: successfully reloaded assembly
- Completed reload, in  1.619 seconds
Platform modules already initialized, skipping
Refreshing native plugins compatible for Editor in 1.81 ms, found 2 plugins.
Preloading 0 native plugins for Editor in 0.00 ms.
Unloading 3222 Unused Serialized files (Serialized files now loaded: 0)
System memory in use before: 236.8 MB.
System memory in use after: 236.8 MB.

Unloading 26 unused Assets to reduce memory usage. Loaded Objects now: 4169.
Total: 4.852100 ms (FindLiveObjects: 0.629300 ms CreateObjectMapping: 0.197700 ms MarkObjects: 3.688800 ms  DeleteObjects: 0.334500 ms)

========================================================================
Received Prepare
Registering precompiled user dll's ...
Registered in 0.006318 seconds.
Begin MonoManager ReloadAssembly
Native extension for WindowsStandalone target not found
Native extension for WebGL target not found
Refreshing native plugins compatible for Editor in 1.23 ms, found 2 plugins.
Preloading 0 native plugins for Editor in 0.00 ms.
Mono: successfully reloaded assembly
- Completed reload, in  1.641 seconds
Platform modules already initialized, skipping
Refreshing native plugins compatible for Editor in 1.18 ms, found 2 plugins.
Preloading 0 native plugins for Editor in 0.00 ms.
Unloading 3222 Unused Serialized files (Serialized files now loaded: 0)
System memory in use before: 236.8 MB.
System memory in use after: 236.9 MB.

Unloading 26 unused Assets to reduce memory usage. Loaded Objects now: 4172.
Total: 3.948800 ms (FindLiveObjects: 0.481900 ms CreateObjectMapping: 0.218500 ms MarkObjects: 2.978700 ms  DeleteObjects: 0.267700 ms)

========================================================================
Received Prepare
Registering precompiled user dll's ...
Registered in 0.005922 seconds.
Begin MonoManager ReloadAssembly
Native extension for WindowsStandalone target not found
Native extension for WebGL target not found
Refreshing native plugins compatible for Editor in 1.20 ms, found 2 plugins.
Preloading 0 native plugins for Editor in 0.00 ms.
Mono: successfully reloaded assembly
- Completed reload, in  1.584 seconds
Platform modules already initialized, skipping
Refreshing native plugins compatible for Editor in 1.21 ms, found 2 plugins.
Preloading 0 native plugins for Editor in 0.00 ms.
Unloading 3222 Unused Serialized files (Serialized files now loaded: 0)
System memory in use before: 236.8 MB.
System memory in use after: 236.9 MB.

Unloading 26 unused Assets to reduce memory usage. Loaded Objects now: 4175.
Total: 3.752500 ms (FindLiveObjects: 0.422900 ms CreateObjectMapping: 0.169900 ms MarkObjects: 2.873900 ms  DeleteObjects: 0.284200 ms)

========================================================================
Received Import Request.
  Time since last request: 1029.177211 seconds.
  path: Assets/TextMesh Pro/Fonts/LiberationSans.ttf
  artifactKey: Guid(e3265ab4bf004d28a9537516768c1c75) Importer(815301076,1909f56bfc062723c751e8b465ee728b)
Start importing Assets/TextMesh Pro/Fonts/LiberationSans.ttf using Guid(e3265ab4bf004d28a9537516768c1c75) Importer(815301076,1909f56bfc062723c751e8b465ee728b)  -> (artifact id: 'bdddd331c3f1b7826858a8d92db67e39') in 0.165864 seconds
  Import took 0.177910 seconds .

========================================================================
Received Import Request.
  Time since last request: 0.001666 seconds.
  path: Assets/TextMesh Pro/Fonts/LiberationSans.ttf
  artifactKey: Guid(e3265ab4bf004d28a9537516768c1c75) Importer(815301076,1909f56bfc062723c751e8b465ee728b)
Start importing Assets/TextMesh Pro/Fonts/LiberationSans.ttf using Guid(e3265ab4bf004d28a9537516768c1c75) Importer(815301076,1909f56bfc062723c751e8b465ee728b)  -> (artifact id: 'bdddd331c3f1b7826858a8d92db67e39') in 0.012519 seconds
  Import took 0.018662 seconds .

========================================================================
Received Import Request.
  Time since last request: 367.670583 seconds.
  path: Assets/Scripts/Tasks/ConstructionTask1.cs
  artifactKey: Guid(6640f5500c9acf34aac7519c0e965edf) Importer(815301076,1909f56bfc062723c751e8b465ee728b)
Start importing Assets/Scripts/Tasks/ConstructionTask1.cs using Guid(6640f5500c9acf34aac7519c0e965edf) Importer(815301076,1909f56bfc062723c751e8b465ee728b)  -> (artifact id: 'ddc2975ff5cada71caa228d8aab37f1a') in 0.010908 seconds
  Import took 0.017154 seconds .

========================================================================
Received Import Request.
  Time since last request: 0.013273 seconds.
  path: Assets/Scripts/Tasks/ConstructionTask1.cs
  artifactKey: Guid(6640f5500c9acf34aac7519c0e965edf) Importer(815301076,1909f56bfc062723c751e8b465ee728b)
Start importing Assets/Scripts/Tasks/ConstructionTask1.cs using Guid(6640f5500c9acf34aac7519c0e965edf) Importer(815301076,1909f56bfc062723c751e8b465ee728b)  -> (artifact id: 'ddc2975ff5cada71caa228d8aab37f1a') in 0.004330 seconds
  Import took 0.011357 seconds .

========================================================================
Received Import Request.
  Time since last request: 7.737858 seconds.
  path: Assets/Scripts/Tasks/ChangeTextTask.cs
  artifactKey: Guid(6640f5500c9acf34aac7519c0e965edf) Importer(815301076,1909f56bfc062723c751e8b465ee728b)
Start importing Assets/Scripts/Tasks/ChangeTextTask.cs using Guid(6640f5500c9acf34aac7519c0e965edf) Importer(815301076,1909f56bfc062723c751e8b465ee728b)  -> (artifact id: '50005b54fc0615e01b7ff2c9d6bb9ef4') in 0.009507 seconds
  Import took 0.017979 seconds .

========================================================================
Received Prepare
Registering precompiled user dll's ...
Registered in 0.007202 seconds.
Begin MonoManager ReloadAssembly
Native extension for WindowsStandalone target not found
Native extension for WebGL target not found
Refreshing native plugins compatible for Editor in 1.24 ms, found 2 plugins.
Preloading 0 native plugins for Editor in 0.00 ms.
Mono: successfully reloaded assembly
- Completed reload, in  1.659 seconds
Platform modules already initialized, skipping
Refreshing native plugins compatible for Editor in 1.21 ms, found 2 plugins.
Preloading 0 native plugins for Editor in 0.00 ms.
Unloading 3223 Unused Serialized files (Serialized files now loaded: 0)
System memory in use before: 237.0 MB.
System memory in use after: 237.1 MB.

Unloading 26 unused Assets to reduce memory usage. Loaded Objects now: 4215.
Total: 3.790400 ms (FindLiveObjects: 0.548000 ms CreateObjectMapping: 0.092000 ms MarkObjects: 2.884300 ms  DeleteObjects: 0.264500 ms)

========================================================================
Received Import Request.
  Time since last request: 391.292921 seconds.
  path: Assets/Scripts/Tasks/ChangeTextTask.cs
  artifactKey: Guid(6640f5500c9acf34aac7519c0e965edf) Importer(815301076,1909f56bfc062723c751e8b465ee728b)
Start importing Assets/Scripts/Tasks/ChangeTextTask.cs using Guid(6640f5500c9acf34aac7519c0e965edf) Importer(815301076,1909f56bfc062723c751e8b465ee728b)  -> (artifact id: 'a9fb86098bc2442327ccb3738768ac89') in 0.008103 seconds
  Import took 0.021679 seconds .

========================================================================
Received Prepare
Registering precompiled user dll's ...
Registered in 0.006325 seconds.
Begin MonoManager ReloadAssembly
Native extension for WindowsStandalone target not found
Native extension for WebGL target not found
Refreshing native plugins compatible for Editor in 1.26 ms, found 2 plugins.
Preloading 0 native plugins for Editor in 0.00 ms.
Mono: successfully reloaded assembly
- Completed reload, in  1.635 seconds
Platform modules already initialized, skipping
Refreshing native plugins compatible for Editor in 1.23 ms, found 2 plugins.
Preloading 0 native plugins for Editor in 0.00 ms.
Unloading 3223 Unused Serialized files (Serialized files now loaded: 0)
System memory in use before: 237.0 MB.
System memory in use after: 237.1 MB.

Unloading 26 unused Assets to reduce memory usage. Loaded Objects now: 4218.
Total: 4.146300 ms (FindLiveObjects: 0.446900 ms CreateObjectMapping: 0.121900 ms MarkObjects: 3.316600 ms  DeleteObjects: 0.259600 ms)

========================================================================
Received Import Request.
  Time since last request: 89.650406 seconds.
  path: Assets/Scripts/Tasks/ChangeTextTask.cs
  artifactKey: Guid(6640f5500c9acf34aac7519c0e965edf) Importer(815301076,1909f56bfc062723c751e8b465ee728b)
Start importing Assets/Scripts/Tasks/ChangeTextTask.cs using Guid(6640f5500c9acf34aac7519c0e965edf) Importer(815301076,1909f56bfc062723c751e8b465ee728b)  -> (artifact id: 'e8db1fdb4b9728ea72d68909ba406b74') in 0.008748 seconds
  Import took 0.022274 seconds .

========================================================================
Received Import Request.
  Time since last request: 140.350914 seconds.
  path: Assets/ParadoxNotion/CanvasCore/Framework/Runtime/Tasks/ActionList.cs
  artifactKey: Guid(832e48885093140459c6a831c07ebe37) Importer(815301076,1909f56bfc062723c751e8b465ee728b)
Start importing Assets/ParadoxNotion/CanvasCore/Framework/Runtime/Tasks/ActionList.cs using Guid(832e48885093140459c6a831c07ebe37) Importer(815301076,1909f56bfc062723c751e8b465ee728b)  -> (artifact id: '89bd8638e4a532d9fc756d753c091706') in 0.010380 seconds
  Import took 0.018821 seconds .

========================================================================
Received Import Request.
  Time since last request: 0.012913 seconds.
  path: Assets/ParadoxNotion/CanvasCore/Framework/Runtime/Tasks/ActionList.cs
  artifactKey: Guid(832e48885093140459c6a831c07ebe37) Importer(815301076,1909f56bfc062723c751e8b465ee728b)
Start importing Assets/ParadoxNotion/CanvasCore/Framework/Runtime/Tasks/ActionList.cs using Guid(832e48885093140459c6a831c07ebe37) Importer(815301076,1909f56bfc062723c751e8b465ee728b)  -> (artifact id: '89bd8638e4a532d9fc756d753c091706') in 0.004312 seconds
  Import took 0.010093 seconds .

========================================================================
Received Import Request.
  Time since last request: 5.301883 seconds.
  path: Assets/ParadoxNotion/CanvasCore/Framework/Runtime/Variables/BBParameter.cs
  artifactKey: Guid(4305efa065d81444fbb28731c8c53f54) Importer(815301076,1909f56bfc062723c751e8b465ee728b)
Start importing Assets/ParadoxNotion/CanvasCore/Framework/Runtime/Variables/BBParameter.cs using Guid(4305efa065d81444fbb28731c8c53f54) Importer(815301076,1909f56bfc062723c751e8b465ee728b)  -> (artifact id: '7295e5f025c02ac2ad44ccfe606671e8') in 0.008772 seconds
  Import took 0.017053 seconds .

========================================================================
Received Import Request.
  Time since last request: 0.009822 seconds.
  path: Assets/ParadoxNotion/CanvasCore/Framework/Runtime/Variables/BBParameter.cs
  artifactKey: Guid(4305efa065d81444fbb28731c8c53f54) Importer(815301076,1909f56bfc062723c751e8b465ee728b)
Start importing Assets/ParadoxNotion/CanvasCore/Framework/Runtime/Variables/BBParameter.cs using Guid(4305efa065d81444fbb28731c8c53f54) Importer(815301076,1909f56bfc062723c751e8b465ee728b)  -> (artifact id: '7295e5f025c02ac2ad44ccfe606671e8') in 0.004304 seconds
  Import took 0.010381 seconds .

========================================================================
Received Prepare
Registering precompiled user dll's ...
Registered in 0.006436 seconds.
Begin MonoManager ReloadAssembly
Native extension for WindowsStandalone target not found
Native extension for WebGL target not found
Refreshing native plugins compatible for Editor in 1.23 ms, found 2 plugins.
Preloading 0 native plugins for Editor in 0.00 ms.
Mono: successfully reloaded assembly
- Completed reload, in  1.878 seconds
Platform modules already initialized, skipping
Refreshing native plugins compatible for Editor in 1.53 ms, found 2 plugins.
Preloading 0 native plugins for Editor in 0.00 ms.
Unloading 3224 Unused Serialized files (Serialized files now loaded: 0)
System memory in use before: 237.1 MB.
System memory in use after: 237.1 MB.

Unloading 26 unused Assets to reduce memory usage. Loaded Objects now: 4222.
Total: 4.606400 ms (FindLiveObjects: 0.548300 ms CreateObjectMapping: 0.299800 ms MarkObjects: 3.489000 ms  DeleteObjects: 0.266400 ms)

========================================================================
Received Prepare
Registering precompiled user dll's ...
Registered in 0.009950 seconds.
Begin MonoManager ReloadAssembly
Native extension for WindowsStandalone target not found
Native extension for WebGL target not found
Refreshing native plugins compatible for Editor in 1.33 ms, found 2 plugins.
Preloading 0 native plugins for Editor in 0.00 ms.
Mono: successfully reloaded assembly
- Completed reload, in  1.564 seconds
Platform modules already initialized, skipping
Refreshing native plugins compatible for Editor in 1.23 ms, found 2 plugins.
Preloading 0 native plugins for Editor in 0.00 ms.
Unloading 3224 Unused Serialized files (Serialized files now loaded: 0)
System memory in use before: 237.1 MB.
System memory in use after: 237.1 MB.

Unloading 26 unused Assets to reduce memory usage. Loaded Objects now: 4225.
Total: 3.464700 ms (FindLiveObjects: 0.391700 ms CreateObjectMapping: 0.091300 ms MarkObjects: 2.718100 ms  DeleteObjects: 0.262300 ms)

========================================================================
Received Prepare
Registering precompiled user dll's ...
Registered in 0.007020 seconds.
Begin MonoManager ReloadAssembly
Native extension for WindowsStandalone target not found
Native extension for WebGL target not found
Refreshing native plugins compatible for Editor in 1.22 ms, found 2 plugins.
Preloading 0 native plugins for Editor in 0.00 ms.
Mono: successfully reloaded assembly
- Completed reload, in  1.571 seconds
Platform modules already initialized, skipping
Refreshing native plugins compatible for Editor in 1.22 ms, found 2 plugins.
Preloading 0 native plugins for Editor in 0.00 ms.
Unloading 3224 Unused Serialized files (Serialized files now loaded: 0)
System memory in use before: 237.1 MB.
System memory in use after: 237.1 MB.

Unloading 26 unused Assets to reduce memory usage. Loaded Objects now: 4228.
Total: 3.962500 ms (FindLiveObjects: 0.418100 ms CreateObjectMapping: 0.207000 ms MarkObjects: 3.033500 ms  DeleteObjects: 0.301600 ms)

========================================================================
Received Prepare
Registering precompiled user dll's ...
Registered in 0.006734 seconds.
Begin MonoManager ReloadAssembly
Native extension for WindowsStandalone target not found
Native extension for WebGL target not found
Refreshing native plugins compatible for Editor in 2.44 ms, found 2 plugins.
Preloading 0 native plugins for Editor in 0.00 ms.
Mono: successfully reloaded assembly
- Completed reload, in  1.662 seconds
Platform modules already initialized, skipping
Refreshing native plugins compatible for Editor in 1.32 ms, found 2 plugins.
Preloading 0 native plugins for Editor in 0.00 ms.
Unloading 3224 Unused Serialized files (Serialized files now loaded: 0)
System memory in use before: 237.1 MB.
System memory in use after: 237.1 MB.

Unloading 26 unused Assets to reduce memory usage. Loaded Objects now: 4231.
Total: 3.440600 ms (FindLiveObjects: 0.407700 ms CreateObjectMapping: 0.082500 ms MarkObjects: 2.684700 ms  DeleteObjects: 0.264000 ms)

========================================================================
Received Prepare
Registering precompiled user dll's ...
Registered in 0.006132 seconds.
Begin MonoManager ReloadAssembly
Native extension for WindowsStandalone target not found
Native extension for WebGL target not found
Refreshing native plugins compatible for Editor in 1.24 ms, found 2 plugins.
Preloading 0 native plugins for Editor in 0.00 ms.
Mono: successfully reloaded assembly
- Completed reload, in  1.564 seconds
Platform modules already initialized, skipping
Refreshing native plugins compatible for Editor in 1.23 ms, found 2 plugins.
Preloading 0 native plugins for Editor in 0.00 ms.
Unloading 3224 Unused Serialized files (Serialized files now loaded: 0)
System memory in use before: 237.1 MB.
System memory in use after: 237.1 MB.

Unloading 26 unused Assets to reduce memory usage. Loaded Objects now: 4234.
Total: 3.616700 ms (FindLiveObjects: 0.516100 ms CreateObjectMapping: 0.119600 ms MarkObjects: 2.706500 ms  DeleteObjects: 0.272600 ms)

