Using pre-set license
Built from '2020.3/staging' branch; Version is '2020.3.10f1 (297d780c91bc) revision 2719096'; Using compiler version '192528614'; Build Type 'Release'
OS: 'Windows 10 Education; OS build 19042.1083; Version 2009; 64bit' Language: 'en' Physical Memory: 32173 MB
BatchMode: 1, IsHumanControllingUs: 0, StartBugReporterOnCrash: 0, Is64bit: 1, IsPro: 0

 COMMAND LINE ARGUMENTS:
C:\Program Files\Unity\Hub\Editor\2020.3.10f1\Editor\Unity.exe
-adb2
-batchMode
-noUpm
-name
AssetImportWorker0
-projectPath
C:/Users/Anargo/Documents/Millenaire_Prototype/Millenaire_Prototype
-logFile
Logs/AssetImportWorker0.log
-srvPort
60925
Successfully changed project path to: C:/Users/Anargo/Documents/Millenaire_Prototype/Millenaire_Prototype
C:/Users/Anargo/Documents/Millenaire_Prototype/Millenaire_Prototype
Using Asset Import Pipeline V2.
Refreshing native plugins compatible for Editor in 72.05 ms, found 2 plugins.
Preloading 0 native plugins for Editor in 0.00 ms.
Initialize engine version: 2020.3.10f1 (297d780c91bc)
[Subsystems] Discovering subsystems at path C:/Program Files/Unity/Hub/Editor/2020.3.10f1/Editor/Data/Resources/UnitySubsystems
[Subsystems] Discovering subsystems at path C:/Users/Anargo/Documents/Millenaire_Prototype/Millenaire_Prototype/Assets
GfxDevice: creating device client; threaded=0
Direct3D:
    Version:  Direct3D 11.0 [level 11.1]
    Renderer: NVIDIA GeForce RTX 2060 (ID=0x1f15)
    Vendor:   
    VRAM:     5980 MB
    Driver:   30.0.14.7111
Initialize mono
Mono path[0] = 'C:/Program Files/Unity/Hub/Editor/2020.3.10f1/Editor/Data/Managed'
Mono path[1] = 'C:/Program Files/Unity/Hub/Editor/2020.3.10f1/Editor/Data/MonoBleedingEdge/lib/mono/unityjit'
Mono config path = 'C:/Program Files/Unity/Hub/Editor/2020.3.10f1/Editor/Data/MonoBleedingEdge/etc'
Using monoOptions --debugger-agent=transport=dt_socket,embedding=1,server=y,suspend=n,address=127.0.0.1:56460
Begin MonoManager ReloadAssembly
Registering precompiled unity dll's ...
Register platform support module: C:/Program Files/Unity/Hub/Editor/2020.3.10f1/Editor/Data/PlaybackEngines/WebGLSupport/UnityEditor.WebGL.Extensions.dll
Register platform support module: C:/Program Files/Unity/Hub/Editor/2020.3.10f1/Editor/Data/PlaybackEngines/WindowsStandaloneSupport/UnityEditor.WindowsStandalone.Extensions.dll
Registered in 0.003103 seconds.
Native extension for WindowsStandalone target not found
Native extension for WebGL target not found
Refreshing native plugins compatible for Editor in 80.12 ms, found 2 plugins.
Preloading 0 native plugins for Editor in 0.00 ms.
Mono: successfully reloaded assembly
- Completed reload, in  1.510 seconds
Platform modules already initialized, skipping
Registering precompiled user dll's ...
Registered in 0.006057 seconds.
Begin MonoManager ReloadAssembly
Native extension for WindowsStandalone target not found
Native extension for WebGL target not found
Refreshing native plugins compatible for Editor in 1.00 ms, found 2 plugins.
Preloading 0 native plugins for Editor in 0.00 ms.
Mono: successfully reloaded assembly
- Completed reload, in  1.149 seconds
Platform modules already initialized, skipping
========================================================================
Worker process is ready to serve import requests
Launched and connected shader compiler UnityShaderCompiler.exe after 0.06 seconds
Refreshing native plugins compatible for Editor in 1.59 ms, found 2 plugins.
Preloading 0 native plugins for Editor in 0.00 ms.
Unloading 1623 Unused Serialized files (Serialized files now loaded: 0)
System memory in use before: 79.4 MB.
System memory in use after: 79.4 MB.

Unloading 22 unused Assets to reduce memory usage. Loaded Objects now: 2326.
Total: 3.091000 ms (FindLiveObjects: 0.447500 ms CreateObjectMapping: 0.145400 ms MarkObjects: 2.342600 ms  DeleteObjects: 0.153000 ms)

========================================================================
Received Import Request.
  path: Assets/QuestDetailsUI.cs
  artifactKey: Guid(5894096a8374f904aa13c2caddc5a858) Importer(815301076,1909f56bfc062723c751e8b465ee728b)
Start importing Assets/QuestDetailsUI.cs using Guid(5894096a8374f904aa13c2caddc5a858) Importer(815301076,1909f56bfc062723c751e8b465ee728b)  -> (artifact id: '0f45cb9c63d1713a5cc87fb46fee80df') in 0.035276 seconds
  Import took 0.039027 seconds .

========================================================================
Received Prepare
Registering precompiled user dll's ...
Registered in 0.005721 seconds.
Begin MonoManager ReloadAssembly
Native extension for WindowsStandalone target not found
Native extension for WebGL target not found
Refreshing native plugins compatible for Editor in 0.88 ms, found 2 plugins.
Preloading 0 native plugins for Editor in 0.00 ms.
Mono: successfully reloaded assembly
- Completed reload, in  0.870 seconds
Platform modules already initialized, skipping
Refreshing native plugins compatible for Editor in 1.09 ms, found 2 plugins.
Preloading 0 native plugins for Editor in 0.00 ms.
Unloading 1602 Unused Serialized files (Serialized files now loaded: 0)
System memory in use before: 78.0 MB.
System memory in use after: 78.0 MB.

Unloading 17 unused Assets to reduce memory usage. Loaded Objects now: 2329.
Total: 2.079900 ms (FindLiveObjects: 0.272800 ms CreateObjectMapping: 0.086100 ms MarkObjects: 1.621300 ms  DeleteObjects: 0.097700 ms)

========================================================================
Received Import Request.
  Time since last request: 693.740823 seconds.
  path: Assets/ResourceUI.cs
  artifactKey: Guid(1ace0867c5f86d84f879ddc5bd62cb56) Importer(815301076,1909f56bfc062723c751e8b465ee728b)
Start importing Assets/ResourceUI.cs using Guid(1ace0867c5f86d84f879ddc5bd62cb56) Importer(815301076,1909f56bfc062723c751e8b465ee728b)  -> (artifact id: '01451949b7bb55283a43d78863458320') in 0.011382 seconds
  Import took 0.014954 seconds .

========================================================================
Received Import Request.
  Time since last request: 0.002364 seconds.
  path: Assets/ResourceUI.cs
  artifactKey: Guid(1ace0867c5f86d84f879ddc5bd62cb56) Importer(815301076,1909f56bfc062723c751e8b465ee728b)
Start importing Assets/ResourceUI.cs using Guid(1ace0867c5f86d84f879ddc5bd62cb56) Importer(815301076,1909f56bfc062723c751e8b465ee728b)  -> (artifact id: '01451949b7bb55283a43d78863458320') in 0.003856 seconds
  Import took 0.007647 seconds .

========================================================================
Received Import Request.
  Time since last request: 5.351591 seconds.
  path: Assets/PlayerResources.cs
  artifactKey: Guid(c56c9c79fd1a0ec4e805f0a0f69afcf1) Importer(815301076,1909f56bfc062723c751e8b465ee728b)
Start importing Assets/PlayerResources.cs using Guid(c56c9c79fd1a0ec4e805f0a0f69afcf1) Importer(815301076,1909f56bfc062723c751e8b465ee728b)  -> (artifact id: '83c9048eb9c7cd56fe53bf08e48714ea') in 0.008307 seconds
  Import took 0.011802 seconds .

========================================================================
Received Import Request.
  Time since last request: 0.016808 seconds.
  path: Assets/PlayerResources.cs
  artifactKey: Guid(c56c9c79fd1a0ec4e805f0a0f69afcf1) Importer(815301076,1909f56bfc062723c751e8b465ee728b)
Start importing Assets/PlayerResources.cs using Guid(c56c9c79fd1a0ec4e805f0a0f69afcf1) Importer(815301076,1909f56bfc062723c751e8b465ee728b)  -> (artifact id: '83c9048eb9c7cd56fe53bf08e48714ea') in 0.003925 seconds
  Import took 0.007623 seconds .

========================================================================
Received Prepare
Registering precompiled user dll's ...
Registered in 0.005168 seconds.
Begin MonoManager ReloadAssembly
Native extension for WindowsStandalone target not found
Native extension for WebGL target not found
Refreshing native plugins compatible for Editor in 0.88 ms, found 2 plugins.
Preloading 0 native plugins for Editor in 0.00 ms.
Mono: successfully reloaded assembly
- Completed reload, in  0.873 seconds
Platform modules already initialized, skipping
Refreshing native plugins compatible for Editor in 0.86 ms, found 2 plugins.
Preloading 0 native plugins for Editor in 0.00 ms.
Unloading 1602 Unused Serialized files (Serialized files now loaded: 0)
System memory in use before: 78.0 MB.
System memory in use after: 78.1 MB.

Unloading 17 unused Assets to reduce memory usage. Loaded Objects now: 2332.
Total: 2.512200 ms (FindLiveObjects: 0.422300 ms CreateObjectMapping: 0.083400 ms MarkObjects: 1.909600 ms  DeleteObjects: 0.094900 ms)

AssetImportWorkerClient::OnTransportError - code=2 error=End of file
